<?xml version="1.0" encoding="UTF-8"?>
<!-- Generated by org.testng.reporters.JUnitXMLReporter -->
<testsuite ignored="1" hostname="Susanth" failures="1" tests="5" name="SWAP Test" time="5.062" errors="0" timestamp="2025-10-22T22:15:50 GMT-05:00">
  <testcase classname="testng.classes.TestNGIntroduction2" name="testFile4" time="0.006"/>
  <testcase classname="testng.classes.TestNGIntroduction2" name="testFile4" time="0.002"/>
  <testcase classname="testng.classes.TestNGIntroduction2" name="testFile4" time="0.0"/>
  <testcase classname="testng.classes.TestNGIntroduction2" name="testFile" time="5.004">
    <failure type="org.testng.internal.thread.ThreadTimeoutException" message="Method testng.classes.TestNGIntroduction2.testFile() didn&amp;apos;t finish within the time-out 5000">
      <![CDATA[org.testng.internal.thread.ThreadTimeoutException: Method testng.classes.TestNGIntroduction2.testFile() didn't finish within the time-out 5000
at java.base/java.util.ArrayList.forEach(ArrayList.java:1511)
at java.base/java.util.concurrent.FutureTask.run(FutureTask.java:264)
at java.base/java.util.concurrent.ThreadPoolExecutor.runWorker(ThreadPoolExecutor.java:1136)
at java.base/java.util.concurrent.ThreadPoolExecutor$Worker.run(ThreadPoolExecutor.java:635)
at java.base/java.lang.Thread.run(Thread.java:833)
... Removed 15 stack frames]]>
    </failure>
  </testcase> <!-- testFile -->
  <testcase classname="testng.classes.TestNGIntroduction2" name="testFile3" time="0.002"/>
  <testcase classname="testng.classes.TestNGIntroduction2" name="testFile2" time="0.0">
    <ignored/>
  </testcase> <!-- testFile2 -->
</testsuite> <!-- SWAP Test -->
