<?xml version="1.0" encoding="UTF-8"?>
<!-- Generated by org.testng.reporters.JUnitReportReporter -->
<testsuite hostname="Susanth" failures="0" tests="8" name="testng.classes.TestNGDataProvider" time="0.009" errors="0" timestamp="2025-10-23T22:11:41 GMT-05:00" skipped="0">
  <testcase classname="testng.classes.TestNGDataProvider" name="testFile4" time="0.001"/>
  <system-out/>
  <testcase classname="testng.classes.TestNGDataProvider" name="testFile2" time="0.001"/>
  <system-out/>
  <testcase classname="testng.classes.TestNGDataProvider" name="testFile3" time="0.001"/>
  <system-out/>
  <testcase classname="testng.classes.TestNGDataProvider" name="testFile3" time="0.000"/>
  <system-out/>
  <testcase classname="testng.classes.TestNGDataProvider" name="testFile4" time="0.000"/>
  <system-out/>
  <testcase classname="testng.classes.TestNGDataProvider" name="testFile" time="0.001"/>
  <system-out/>
  <testcase classname="testng.classes.TestNGDataProvider" name="testFile" time="0.004"/>
  <system-out/>
  <testcase classname="testng.classes.TestNGDataProvider" name="testFile2" time="0.001"/>
  <system-out/>
</testsuite> <!-- testng.classes.TestNGDataProvider -->
