<?xml version="1.0" encoding="UTF-8"?>
<!-- Generated by org.testng.reporters.JUnitReportReporter -->
<testsuite hostname="Susanth" failures="0" tests="5" name="testng.classes.TestNGIntroduction2" time="5.014" errors="1" timestamp="2025-10-22T22:15:50 GMT-05:00" skipped="0">
  <testcase classname="testng.classes.TestNGIntroduction2" name="testFile4" time="0.000"/>
  <system-out/>
  <testcase classname="testng.classes.TestNGIntroduction2" name="testFile4" time="0.002"/>
  <system-out/>
  <testcase classname="testng.classes.TestNGIntroduction2" name="testFile4" time="0.006"/>
  <system-out/>
  <testcase classname="testng.classes.TestNGIntroduction2" name="testFile" time="5.004">
    <error message="Method testng.classes.TestNGIntroduction2.testFile() didn&#039;t finish within the time-out 5000" type="org.testng.internal.thread.ThreadTimeoutException">
      <![CDATA[org.testng.internal.thread.ThreadTimeoutException: Method testng.classes.TestNGIntroduction2.testFile() didn't finish within the time-out 5000
at org.testng.internal.MethodInvocationHelper.invokeWithTimeoutWithNewExecutor(MethodInvocationHelper.java:384)
at org.testng.internal.MethodInvocationHelper.invokeWithTimeout(MethodInvocationHelper.java:283)
at org.testng.internal.TestInvoker.invokeMethod(TestInvoker.java:604)
at org.testng.internal.TestInvoker.invokeTestMethod(TestInvoker.java:173)
at org.testng.internal.MethodRunner.runInSequence(MethodRunner.java:46)
at org.testng.internal.TestInvoker$MethodInvocationAgent.invoke(TestInvoker.java:824)
at org.testng.internal.TestInvoker.invokeTestMethods(TestInvoker.java:146)
at org.testng.internal.TestMethodWorker.invokeTestMethods(TestMethodWorker.java:146)
at org.testng.internal.TestMethodWorker.run(TestMethodWorker.java:128)
at java.base/java.util.ArrayList.forEach(ArrayList.java:1511)
at org.testng.TestRunner.privateRun(TestRunner.java:794)
at org.testng.TestRunner.run(TestRunner.java:596)
at org.testng.SuiteRunner.runTest(SuiteRunner.java:377)
at org.testng.SuiteRunner.access$000(SuiteRunner.java:28)
at org.testng.SuiteRunner$SuiteWorker.run(SuiteRunner.java:418)
at org.testng.internal.thread.ThreadUtil.lambda$execute$0(ThreadUtil.java:64)
at java.base/java.util.concurrent.FutureTask.run(FutureTask.java:264)
at java.base/java.util.concurrent.ThreadPoolExecutor.runWorker(ThreadPoolExecutor.java:1136)
at java.base/java.util.concurrent.ThreadPoolExecutor$Worker.run(ThreadPoolExecutor.java:635)
at java.base/java.lang.Thread.run(Thread.java:833)
]]>
    </error>
  </testcase> <!-- testFile -->
  <system-out/>
  <testcase classname="testng.classes.TestNGIntroduction2" name="testFile3" time="0.002"/>
  <system-out/>
</testsuite> <!-- testng.classes.TestNGIntroduction2 -->
